<?xml version="1.0" encoding="UTF-8"?>
<testng-results ignored="0" total="0" passed="0" failed="0" skipped="0">
  <reporter-output>
  </reporter-output>
  <suite started-at="2023-03-16T16:16:45 IST" name="Surefire suite" finished-at="2023-03-16T16:16:45 IST" duration-ms="26">
    <groups>
    </groups>
    <test started-at="2023-03-16T16:16:45 IST" name="Surefire test" finished-at="2023-03-16T16:16:45 IST" duration-ms="26">
      <class name="seleniumLearning.mavenproject.TestNGDemo">
        <test-method is-config="true" signature="test3()[pri:0, instance:seleniumLearning.mavenproject.TestNGDemo@13c10b87]" started-at="2023-03-16T16:16:45 IST" name="test3" finished-at="2023-03-16T16:16:45 IST" duration-ms="14" status="PASS">
          <reporter-output>
          </reporter-output>
        </test-method> <!-- test3 -->
      </class> <!-- seleniumLearning.mavenproject.TestNGDemo -->
    </test> <!-- Surefire test -->
  </suite> <!-- Surefire suite -->
</testng-results>
